<?xml version="1.0" encoding="UTF-8"?>
<!-- Generated by org.testng.reporters.JUnitXMLReporter -->
<testsuite ignored="2" hostname="DESKTOP-76N9MSC" failures="1" tests="2" name="Default test(failed)" time="0.09" errors="0" timestamp="2024-10-03T16:20:36 IST">
  <testcase classname="testNG_xml_use.Sample3" name="c" time="0.012"/>
  <testcase classname="testNG_xml_use.Sample3" name="d" time="0.006">
    <failure type="java.lang.AssertionError" message="null">
      <![CDATA[java.lang.AssertionError: null
at testNG_xml_use.Sample3.d(Sample3.java:23)
at java.base/java.util.ArrayList.forEach(ArrayList.java:1541)
... Removed 29 stack frames]]>
    </failure>
  </testcase> <!-- d -->
  <testcase classname="testNG_xml_use.Sample3" name="a" time="0.0">
    <ignored/>
  </testcase> <!-- a -->
  <testcase classname="testNG_xml_use.Sample3" name="b" time="0.0">
    <ignored/>
  </testcase> <!-- b -->
</testsuite> <!-- Default test(failed) -->
