<?xml version="1.0" encoding="UTF-8"?>
<!-- Generated by org.testng.reporters.JUnitXMLReporter -->
<testsuite ignored="5" hostname="DESKTOP-76N9MSC" failures="0" tests="3" name="Test" time="0.127" errors="0" timestamp="2024-10-03T16:07:06 IST">
  <testcase classname="testNG_xml_use.Sample3" name="b" time="0.017"/>
  <testcase classname="testNG_xml_use.Sample2" name="e" time="0.003"/>
  <testcase classname="testNG_xml_use.Sample2" name="g" time="0.005"/>
  <testcase classname="testNG_xml_use.Sample2" name="h" time="0.0">
    <ignored/>
  </testcase> <!-- h -->
  <testcase classname="testNG_xml_use.Sample3" name="a" time="0.0">
    <ignored/>
  </testcase> <!-- a -->
  <testcase classname="testNG_xml_use.Sample3" name="c" time="0.0">
    <ignored/>
  </testcase> <!-- c -->
  <testcase classname="testNG_xml_use.Sample2" name="f" time="0.0">
    <ignored/>
  </testcase> <!-- f -->
  <testcase classname="testNG_xml_use.Sample3" name="d" time="0.0">
    <ignored/>
  </testcase> <!-- d -->
</testsuite> <!-- Test -->
