<?xml version="1.0" encoding="UTF-8"?>
<testng-results ignored="0" total="1" passed="1" failed="0" skipped="0">
  <reporter-output>
    <line>
      <![CDATA[Browser launching]]>
    </line>
    <line>
      <![CDATA[Waiting..]]>
    </line>
    <line>
      <![CDATA[Clicking on genedr button]]>
    </line>
    <line>
      <![CDATA[Clicking on nextButton]]>
    </line>
    <line>
      <![CDATA[Handling age dropdown]]>
    </line>
    <line>
      <![CDATA[Clicking on NextButton]]>
    </line>
    <line>
      <![CDATA[Entering pincode]]>
    </line>
    <line>
      <![CDATA[Entering MobileNumber]]>
    </line>
    <line>
      <![CDATA[Click on Continue button]]>
    </line>
    <line>
      <![CDATA[Getting count from text]]>
    </line>
    <line>
      <![CDATA[Getting count from Banner]]>
    </line>
    <line>
      <![CDATA[taking Screenshot listener]]>
    </line>
    <line>
      <![CDATA[taking screenshot]]>
    </line>
    <line>
      <![CDATA[Browser closing]]>
    </line>
  </reporter-output>
  <suite started-at="2024-10-11T21:44:27 IST" name="Default suite" finished-at="2024-10-11T21:44:57 IST" duration-ms="30590">
    <groups>
    </groups>
    <test started-at="2024-10-11T21:44:27 IST" name="Default test" finished-at="2024-10-11T21:44:57 IST" duration-ms="30590">
      <class name="CoverFoxTest.TC1234_CoverFox_ValidateBannerCount">
        <test-method is-config="true" signature="openApplication()[pri:0, instance:CoverFoxTest.TC1234_CoverFox_ValidateBannerCount@3f6f6701]" started-at="2024-10-11T21:44:27 IST" name="openApplication" finished-at="2024-10-11T21:44:41 IST" duration-ms="14160" status="PASS">
          <reporter-output>
            <line>
              <![CDATA[Browser launching]]>
            </line>
            <line>
              <![CDATA[Waiting..]]>
            </line>
          </reporter-output>
        </test-method> <!-- openApplication -->
        <test-method is-config="true" signature="enterdetails()[pri:0, instance:CoverFoxTest.TC1234_CoverFox_ValidateBannerCount@3f6f6701]" started-at="2024-10-11T21:44:41 IST" name="enterdetails" finished-at="2024-10-11T21:44:56 IST" duration-ms="14572" status="PASS">
          <reporter-output>
            <line>
              <![CDATA[Clicking on genedr button]]>
            </line>
            <line>
              <![CDATA[Clicking on nextButton]]>
            </line>
            <line>
              <![CDATA[Handling age dropdown]]>
            </line>
            <line>
              <![CDATA[Clicking on NextButton]]>
            </line>
            <line>
              <![CDATA[Entering pincode]]>
            </line>
            <line>
              <![CDATA[Entering MobileNumber]]>
            </line>
            <line>
              <![CDATA[Click on Continue button]]>
            </line>
          </reporter-output>
        </test-method> <!-- enterdetails -->
        <test-method signature="validateBannerCount()[pri:0, instance:CoverFoxTest.TC1234_CoverFox_ValidateBannerCount@3f6f6701]" started-at="2024-10-11T21:44:56 IST" name="validateBannerCount" finished-at="2024-10-11T21:44:56 IST" duration-ms="140" status="PASS">
          <reporter-output>
            <line>
              <![CDATA[Getting count from text]]>
            </line>
            <line>
              <![CDATA[Getting count from Banner]]>
            </line>
            <line>
              <![CDATA[taking Screenshot listener]]>
            </line>
            <line>
              <![CDATA[taking screenshot]]>
            </line>
          </reporter-output>
        </test-method> <!-- validateBannerCount -->
        <test-method is-config="true" signature="closeApplication()[pri:0, instance:CoverFoxTest.TC1234_CoverFox_ValidateBannerCount@3f6f6701]" started-at="2024-10-11T21:44:56 IST" name="closeApplication" finished-at="2024-10-11T21:44:57 IST" duration-ms="1472" status="PASS">
          <reporter-output>
            <line>
              <![CDATA[Browser closing]]>
            </line>
          </reporter-output>
        </test-method> <!-- closeApplication -->
      </class> <!-- CoverFoxTest.TC1234_CoverFox_ValidateBannerCount -->
    </test> <!-- Default test -->
  </suite> <!-- Default suite -->
</testng-results>
